<?xml version="1.0" encoding="UTF-8"?>
<testsuite xmlns:xsi="http://www.w3.org/2001/XMLSchema-instance" xsi:noNamespaceSchemaLocation="https://maven.apache.org/surefire/maven-surefire-plugin/xsd/surefire-test-report.xsd" name="com.si.integrator.IntegratorApplicationTests" time="0.475" tests="1" errors="1" skipped="0" failures="0">
  <properties>
    <property name="sun.desktop" value="windows"/>
    <property name="awt.toolkit" value="sun.awt.windows.WToolkit"/>
    <property name="file.encoding.pkg" value="sun.io"/>
    <property name="java.specification.version" value="1.8"/>
    <property name="sun.cpu.isalist" value="amd64"/>
    <property name="sun.jnu.encoding" value="Cp1252"/>
    <property name="java.class.path" value="C:\javadev\consumerRabbitmq-main\integrator\target\test-classes;C:\javadev\consumerRabbitmq-main\integrator\target\classes;C:\apache-maven-3.8.1\repository\org\springframework\boot\spring-boot-starter-amqp\2.3.4.RELEASE\spring-boot-starter-amqp-2.3.4.RELEASE.jar;C:\apache-maven-3.8.1\repository\org\springframework\boot\spring-boot-starter\2.3.4.RELEASE\spring-boot-starter-2.3.4.RELEASE.jar;C:\apache-maven-3.8.1\repository\org\springframework\boot\spring-boot-starter-logging\2.3.4.RELEASE\spring-boot-starter-logging-2.3.4.RELEASE.jar;C:\apache-maven-3.8.1\repository\ch\qos\logback\logback-classic\1.2.3\logback-classic-1.2.3.jar;C:\apache-maven-3.8.1\repository\ch\qos\logback\logback-core\1.2.3\logback-core-1.2.3.jar;C:\apache-maven-3.8.1\repository\org\apache\logging\log4j\log4j-to-slf4j\2.13.3\log4j-to-slf4j-2.13.3.jar;C:\apache-maven-3.8.1\repository\org\apache\logging\log4j\log4j-api\2.13.3\log4j-api-2.13.3.jar;C:\apache-maven-3.8.1\repository\org\slf4j\jul-to-slf4j\1.7.30\jul-to-slf4j-1.7.30.jar;C:\apache-maven-3.8.1\repository\jakarta\annotation\jakarta.annotation-api\1.3.5\jakarta.annotation-api-1.3.5.jar;C:\apache-maven-3.8.1\repository\org\yaml\snakeyaml\1.26\snakeyaml-1.26.jar;C:\apache-maven-3.8.1\repository\org\springframework\spring-messaging\5.2.9.RELEASE\spring-messaging-5.2.9.RELEASE.jar;C:\apache-maven-3.8.1\repository\org\springframework\spring-beans\5.2.9.RELEASE\spring-beans-5.2.9.RELEASE.jar;C:\apache-maven-3.8.1\repository\org\springframework\amqp\spring-rabbit\2.2.11.RELEASE\spring-rabbit-2.2.11.RELEASE.jar;C:\apache-maven-3.8.1\repository\com\rabbitmq\amqp-client\5.9.0\amqp-client-5.9.0.jar;C:\apache-maven-3.8.1\repository\org\springframework\amqp\spring-amqp\2.2.11.RELEASE\spring-amqp-2.2.11.RELEASE.jar;C:\apache-maven-3.8.1\repository\org\springframework\retry\spring-retry\1.2.5.RELEASE\spring-retry-1.2.5.RELEASE.jar;C:\apache-maven-3.8.1\repository\org\springframework\spring-context\5.2.9.RELEASE\spring-context-5.2.9.RELEASE.jar;C:\apache-maven-3.8.1\repository\org\springframework\spring-tx\5.2.9.RELEASE\spring-tx-5.2.9.RELEASE.jar;C:\apache-maven-3.8.1\repository\org\springframework\boot\spring-boot-starter-data-rest\2.3.4.RELEASE\spring-boot-starter-data-rest-2.3.4.RELEASE.jar;C:\apache-maven-3.8.1\repository\org\springframework\data\spring-data-rest-webmvc\3.3.4.RELEASE\spring-data-rest-webmvc-3.3.4.RELEASE.jar;C:\apache-maven-3.8.1\repository\org\springframework\data\spring-data-rest-core\3.3.4.RELEASE\spring-data-rest-core-3.3.4.RELEASE.jar;C:\apache-maven-3.8.1\repository\org\springframework\hateoas\spring-hateoas\1.1.2.RELEASE\spring-hateoas-1.1.2.RELEASE.jar;C:\apache-maven-3.8.1\repository\org\springframework\data\spring-data-commons\2.3.4.RELEASE\spring-data-commons-2.3.4.RELEASE.jar;C:\apache-maven-3.8.1\repository\org\springframework\plugin\spring-plugin-core\2.0.0.RELEASE\spring-plugin-core-2.0.0.RELEASE.jar;C:\apache-maven-3.8.1\repository\org\atteo\evo-inflector\1.2.2\evo-inflector-1.2.2.jar;C:\apache-maven-3.8.1\repository\org\slf4j\slf4j-api\1.7.30\slf4j-api-1.7.30.jar;C:\apache-maven-3.8.1\repository\org\springframework\boot\spring-boot-starter-web\2.3.4.RELEASE\spring-boot-starter-web-2.3.4.RELEASE.jar;C:\apache-maven-3.8.1\repository\org\springframework\boot\spring-boot-starter-json\2.3.4.RELEASE\spring-boot-starter-json-2.3.4.RELEASE.jar;C:\apache-maven-3.8.1\repository\com\fasterxml\jackson\datatype\jackson-datatype-jdk8\2.11.2\jackson-datatype-jdk8-2.11.2.jar;C:\apache-maven-3.8.1\repository\com\fasterxml\jackson\datatype\jackson-datatype-jsr310\2.11.2\jackson-datatype-jsr310-2.11.2.jar;C:\apache-maven-3.8.1\repository\com\fasterxml\jackson\module\jackson-module-parameter-names\2.11.2\jackson-module-parameter-names-2.11.2.jar;C:\apache-maven-3.8.1\repository\org\springframework\boot\spring-boot-starter-tomcat\2.3.4.RELEASE\spring-boot-starter-tomcat-2.3.4.RELEASE.jar;C:\apache-maven-3.8.1\repository\org\apache\tomcat\embed\tomcat-embed-core\9.0.38\tomcat-embed-core-9.0.38.jar;C:\apache-maven-3.8.1\repository\org\glassfish\jakarta.el\3.0.3\jakarta.el-3.0.3.jar;C:\apache-maven-3.8.1\repository\org\apache\tomcat\embed\tomcat-embed-websocket\9.0.38\tomcat-embed-websocket-9.0.38.jar;C:\apache-maven-3.8.1\repository\org\springframework\spring-web\5.2.9.RELEASE\spring-web-5.2.9.RELEASE.jar;C:\apache-maven-3.8.1\repository\org\springframework\spring-webmvc\5.2.9.RELEASE\spring-webmvc-5.2.9.RELEASE.jar;C:\apache-maven-3.8.1\repository\org\springframework\spring-aop\5.2.9.RELEASE\spring-aop-5.2.9.RELEASE.jar;C:\apache-maven-3.8.1\repository\org\springframework\spring-expression\5.2.9.RELEASE\spring-expression-5.2.9.RELEASE.jar;C:\apache-maven-3.8.1\repository\org\springframework\boot\spring-boot-starter-web-services\2.3.4.RELEASE\spring-boot-starter-web-services-2.3.4.RELEASE.jar;C:\apache-maven-3.8.1\repository\com\sun\xml\messaging\saaj\saaj-impl\1.5.2\saaj-impl-1.5.2.jar;C:\apache-maven-3.8.1\repository\jakarta\xml\soap\jakarta.xml.soap-api\1.4.2\jakarta.xml.soap-api-1.4.2.jar;C:\apache-maven-3.8.1\repository\org\jvnet\staxex\stax-ex\1.8.3\stax-ex-1.8.3.jar;C:\apache-maven-3.8.1\repository\com\sun\activation\jakarta.activation\1.2.2\jakarta.activation-1.2.2.jar;C:\apache-maven-3.8.1\repository\jakarta\xml\ws\jakarta.xml.ws-api\2.3.3\jakarta.xml.ws-api-2.3.3.jar;C:\apache-maven-3.8.1\repository\jakarta\jws\jakarta.jws-api\2.1.0\jakarta.jws-api-2.1.0.jar;C:\apache-maven-3.8.1\repository\org\springframework\spring-oxm\5.2.9.RELEASE\spring-oxm-5.2.9.RELEASE.jar;C:\apache-maven-3.8.1\repository\org\springframework\ws\spring-ws-core\3.0.10.RELEASE\spring-ws-core-3.0.10.RELEASE.jar;C:\apache-maven-3.8.1\repository\org\springframework\ws\spring-xml\3.0.10.RELEASE\spring-xml-3.0.10.RELEASE.jar;C:\apache-maven-3.8.1\repository\org\springframework\boot\spring-boot-devtools\2.3.4.RELEASE\spring-boot-devtools-2.3.4.RELEASE.jar;C:\apache-maven-3.8.1\repository\org\springframework\boot\spring-boot\2.3.4.RELEASE\spring-boot-2.3.4.RELEASE.jar;C:\apache-maven-3.8.1\repository\org\springframework\boot\spring-boot-autoconfigure\2.3.4.RELEASE\spring-boot-autoconfigure-2.3.4.RELEASE.jar;C:\apache-maven-3.8.1\repository\org\projectlombok\lombok\1.18.12\lombok-1.18.12.jar;C:\apache-maven-3.8.1\repository\org\springframework\boot\spring-boot-starter-test\2.3.4.RELEASE\spring-boot-starter-test-2.3.4.RELEASE.jar;C:\apache-maven-3.8.1\repository\org\springframework\boot\spring-boot-test\2.3.4.RELEASE\spring-boot-test-2.3.4.RELEASE.jar;C:\apache-maven-3.8.1\repository\org\springframework\boot\spring-boot-test-autoconfigure\2.3.4.RELEASE\spring-boot-test-autoconfigure-2.3.4.RELEASE.jar;C:\apache-maven-3.8.1\repository\com\jayway\jsonpath\json-path\2.4.0\json-path-2.4.0.jar;C:\apache-maven-3.8.1\repository\net\minidev\json-smart\2.3\json-smart-2.3.jar;C:\apache-maven-3.8.1\repository\net\minidev\accessors-smart\1.2\accessors-smart-1.2.jar;C:\apache-maven-3.8.1\repository\org\ow2\asm\asm\5.0.4\asm-5.0.4.jar;C:\apache-maven-3.8.1\repository\jakarta\xml\bind\jakarta.xml.bind-api\2.3.3\jakarta.xml.bind-api-2.3.3.jar;C:\apache-maven-3.8.1\repository\jakarta\activation\jakarta.activation-api\1.2.2\jakarta.activation-api-1.2.2.jar;C:\apache-maven-3.8.1\repository\org\assertj\assertj-core\3.16.1\assertj-core-3.16.1.jar;C:\apache-maven-3.8.1\repository\org\hamcrest\hamcrest\2.2\hamcrest-2.2.jar;C:\apache-maven-3.8.1\repository\org\junit\jupiter\junit-jupiter\5.6.2\junit-jupiter-5.6.2.jar;C:\apache-maven-3.8.1\repository\org\junit\jupiter\junit-jupiter-api\5.6.2\junit-jupiter-api-5.6.2.jar;C:\apache-maven-3.8.1\repository\org\opentest4j\opentest4j\1.2.0\opentest4j-1.2.0.jar;C:\apache-maven-3.8.1\repository\org\junit\platform\junit-platform-commons\1.6.2\junit-platform-commons-1.6.2.jar;C:\apache-maven-3.8.1\repository\org\junit\jupiter\junit-jupiter-params\5.6.2\junit-jupiter-params-5.6.2.jar;C:\apache-maven-3.8.1\repository\org\junit\jupiter\junit-jupiter-engine\5.6.2\junit-jupiter-engine-5.6.2.jar;C:\apache-maven-3.8.1\repository\org\junit\vintage\junit-vintage-engine\5.6.2\junit-vintage-engine-5.6.2.jar;C:\apache-maven-3.8.1\repository\org\apiguardian\apiguardian-api\1.1.0\apiguardian-api-1.1.0.jar;C:\apache-maven-3.8.1\repository\org\junit\platform\junit-platform-engine\1.6.2\junit-platform-engine-1.6.2.jar;C:\apache-maven-3.8.1\repository\junit\junit\4.13\junit-4.13.jar;C:\apache-maven-3.8.1\repository\org\mockito\mockito-core\3.3.3\mockito-core-3.3.3.jar;C:\apache-maven-3.8.1\repository\net\bytebuddy\byte-buddy\1.10.14\byte-buddy-1.10.14.jar;C:\apache-maven-3.8.1\repository\net\bytebuddy\byte-buddy-agent\1.10.14\byte-buddy-agent-1.10.14.jar;C:\apache-maven-3.8.1\repository\org\objenesis\objenesis\2.6\objenesis-2.6.jar;C:\apache-maven-3.8.1\repository\org\mockito\mockito-junit-jupiter\3.3.3\mockito-junit-jupiter-3.3.3.jar;C:\apache-maven-3.8.1\repository\org\skyscreamer\jsonassert\1.5.0\jsonassert-1.5.0.jar;C:\apache-maven-3.8.1\repository\com\vaadin\external\google\android-json\0.0.20131108.vaadin1\android-json-0.0.20131108.vaadin1.jar;C:\apache-maven-3.8.1\repository\org\springframework\spring-core\5.2.9.RELEASE\spring-core-5.2.9.RELEASE.jar;C:\apache-maven-3.8.1\repository\org\springframework\spring-jcl\5.2.9.RELEASE\spring-jcl-5.2.9.RELEASE.jar;C:\apache-maven-3.8.1\repository\org\springframework\spring-test\5.2.9.RELEASE\spring-test-5.2.9.RELEASE.jar;C:\apache-maven-3.8.1\repository\org\xmlunit\xmlunit-core\2.7.0\xmlunit-core-2.7.0.jar;C:\apache-maven-3.8.1\repository\org\springframework\amqp\spring-rabbit-test\2.2.11.RELEASE\spring-rabbit-test-2.2.11.RELEASE.jar;C:\apache-maven-3.8.1\repository\org\hamcrest\hamcrest-core\2.2\hamcrest-core-2.2.jar;C:\apache-maven-3.8.1\repository\org\hamcrest\hamcrest-library\2.2\hamcrest-library-2.2.jar;C:\apache-maven-3.8.1\repository\org\springframework\amqp\spring-rabbit-junit\2.2.11.RELEASE\spring-rabbit-junit-2.2.11.RELEASE.jar;C:\apache-maven-3.8.1\repository\com\rabbitmq\http-client\3.2.0.RELEASE\http-client-3.2.0.RELEASE.jar;C:\apache-maven-3.8.1\repository\org\json\json\20180813\json-20180813.jar;C:\apache-maven-3.8.1\repository\com\fasterxml\jackson\dataformat\jackson-dataformat-xml\2.11.2\jackson-dataformat-xml-2.11.2.jar;C:\apache-maven-3.8.1\repository\com\fasterxml\jackson\core\jackson-core\2.11.2\jackson-core-2.11.2.jar;C:\apache-maven-3.8.1\repository\com\fasterxml\jackson\core\jackson-annotations\2.11.2\jackson-annotations-2.11.2.jar;C:\apache-maven-3.8.1\repository\com\fasterxml\jackson\core\jackson-databind\2.11.2\jackson-databind-2.11.2.jar;C:\apache-maven-3.8.1\repository\com\fasterxml\jackson\module\jackson-module-jaxb-annotations\2.11.2\jackson-module-jaxb-annotations-2.11.2.jar;C:\apache-maven-3.8.1\repository\org\codehaus\woodstox\stax2-api\4.2.1\stax2-api-4.2.1.jar;C:\apache-maven-3.8.1\repository\com\fasterxml\woodstox\woodstox-core\6.2.1\woodstox-core-6.2.1.jar;"/>
    <property name="java.vm.vendor" value="Oracle Corporation"/>
    <property name="sun.arch.data.model" value="64"/>
    <property name="user.variant" value=""/>
    <property name="java.vendor.url" value="http://java.oracle.com/"/>
    <property name="user.timezone" value="America/Cuiaba"/>
    <property name="java.vm.specification.version" value="1.8"/>
    <property name="os.name" value="Windows 10"/>
    <property name="user.country" value="BR"/>
    <property name="sun.java.launcher" value="SUN_STANDARD"/>
    <property name="sun.boot.library.path" value="C:\Program Files\Java\jdk1.8.0_202\jre\bin"/>
    <property name="sun.java.command" value="C:\Users\ID-COT~1\AppData\Local\Temp\surefire9003295628254880425\surefirebooter3222054933074231311.jar C:\Users\ID-COTTON\AppData\Local\Temp\surefire9003295628254880425 2022-07-08T10-21-36_256-jvmRun1 surefire3520696989964547258tmp surefire_09201258404920228785tmp"/>
    <property name="surefire.test.class.path" value="C:\javadev\consumerRabbitmq-main\integrator\target\test-classes;C:\javadev\consumerRabbitmq-main\integrator\target\classes;C:\apache-maven-3.8.1\repository\org\springframework\boot\spring-boot-starter-amqp\2.3.4.RELEASE\spring-boot-starter-amqp-2.3.4.RELEASE.jar;C:\apache-maven-3.8.1\repository\org\springframework\boot\spring-boot-starter\2.3.4.RELEASE\spring-boot-starter-2.3.4.RELEASE.jar;C:\apache-maven-3.8.1\repository\org\springframework\boot\spring-boot-starter-logging\2.3.4.RELEASE\spring-boot-starter-logging-2.3.4.RELEASE.jar;C:\apache-maven-3.8.1\repository\ch\qos\logback\logback-classic\1.2.3\logback-classic-1.2.3.jar;C:\apache-maven-3.8.1\repository\ch\qos\logback\logback-core\1.2.3\logback-core-1.2.3.jar;C:\apache-maven-3.8.1\repository\org\apache\logging\log4j\log4j-to-slf4j\2.13.3\log4j-to-slf4j-2.13.3.jar;C:\apache-maven-3.8.1\repository\org\apache\logging\log4j\log4j-api\2.13.3\log4j-api-2.13.3.jar;C:\apache-maven-3.8.1\repository\org\slf4j\jul-to-slf4j\1.7.30\jul-to-slf4j-1.7.30.jar;C:\apache-maven-3.8.1\repository\jakarta\annotation\jakarta.annotation-api\1.3.5\jakarta.annotation-api-1.3.5.jar;C:\apache-maven-3.8.1\repository\org\yaml\snakeyaml\1.26\snakeyaml-1.26.jar;C:\apache-maven-3.8.1\repository\org\springframework\spring-messaging\5.2.9.RELEASE\spring-messaging-5.2.9.RELEASE.jar;C:\apache-maven-3.8.1\repository\org\springframework\spring-beans\5.2.9.RELEASE\spring-beans-5.2.9.RELEASE.jar;C:\apache-maven-3.8.1\repository\org\springframework\amqp\spring-rabbit\2.2.11.RELEASE\spring-rabbit-2.2.11.RELEASE.jar;C:\apache-maven-3.8.1\repository\com\rabbitmq\amqp-client\5.9.0\amqp-client-5.9.0.jar;C:\apache-maven-3.8.1\repository\org\springframework\amqp\spring-amqp\2.2.11.RELEASE\spring-amqp-2.2.11.RELEASE.jar;C:\apache-maven-3.8.1\repository\org\springframework\retry\spring-retry\1.2.5.RELEASE\spring-retry-1.2.5.RELEASE.jar;C:\apache-maven-3.8.1\repository\org\springframework\spring-context\5.2.9.RELEASE\spring-context-5.2.9.RELEASE.jar;C:\apache-maven-3.8.1\repository\org\springframework\spring-tx\5.2.9.RELEASE\spring-tx-5.2.9.RELEASE.jar;C:\apache-maven-3.8.1\repository\org\springframework\boot\spring-boot-starter-data-rest\2.3.4.RELEASE\spring-boot-starter-data-rest-2.3.4.RELEASE.jar;C:\apache-maven-3.8.1\repository\org\springframework\data\spring-data-rest-webmvc\3.3.4.RELEASE\spring-data-rest-webmvc-3.3.4.RELEASE.jar;C:\apache-maven-3.8.1\repository\org\springframework\data\spring-data-rest-core\3.3.4.RELEASE\spring-data-rest-core-3.3.4.RELEASE.jar;C:\apache-maven-3.8.1\repository\org\springframework\hateoas\spring-hateoas\1.1.2.RELEASE\spring-hateoas-1.1.2.RELEASE.jar;C:\apache-maven-3.8.1\repository\org\springframework\data\spring-data-commons\2.3.4.RELEASE\spring-data-commons-2.3.4.RELEASE.jar;C:\apache-maven-3.8.1\repository\org\springframework\plugin\spring-plugin-core\2.0.0.RELEASE\spring-plugin-core-2.0.0.RELEASE.jar;C:\apache-maven-3.8.1\repository\org\atteo\evo-inflector\1.2.2\evo-inflector-1.2.2.jar;C:\apache-maven-3.8.1\repository\org\slf4j\slf4j-api\1.7.30\slf4j-api-1.7.30.jar;C:\apache-maven-3.8.1\repository\org\springframework\boot\spring-boot-starter-web\2.3.4.RELEASE\spring-boot-starter-web-2.3.4.RELEASE.jar;C:\apache-maven-3.8.1\repository\org\springframework\boot\spring-boot-starter-json\2.3.4.RELEASE\spring-boot-starter-json-2.3.4.RELEASE.jar;C:\apache-maven-3.8.1\repository\com\fasterxml\jackson\datatype\jackson-datatype-jdk8\2.11.2\jackson-datatype-jdk8-2.11.2.jar;C:\apache-maven-3.8.1\repository\com\fasterxml\jackson\datatype\jackson-datatype-jsr310\2.11.2\jackson-datatype-jsr310-2.11.2.jar;C:\apache-maven-3.8.1\repository\com\fasterxml\jackson\module\jackson-module-parameter-names\2.11.2\jackson-module-parameter-names-2.11.2.jar;C:\apache-maven-3.8.1\repository\org\springframework\boot\spring-boot-starter-tomcat\2.3.4.RELEASE\spring-boot-starter-tomcat-2.3.4.RELEASE.jar;C:\apache-maven-3.8.1\repository\org\apache\tomcat\embed\tomcat-embed-core\9.0.38\tomcat-embed-core-9.0.38.jar;C:\apache-maven-3.8.1\repository\org\glassfish\jakarta.el\3.0.3\jakarta.el-3.0.3.jar;C:\apache-maven-3.8.1\repository\org\apache\tomcat\embed\tomcat-embed-websocket\9.0.38\tomcat-embed-websocket-9.0.38.jar;C:\apache-maven-3.8.1\repository\org\springframework\spring-web\5.2.9.RELEASE\spring-web-5.2.9.RELEASE.jar;C:\apache-maven-3.8.1\repository\org\springframework\spring-webmvc\5.2.9.RELEASE\spring-webmvc-5.2.9.RELEASE.jar;C:\apache-maven-3.8.1\repository\org\springframework\spring-aop\5.2.9.RELEASE\spring-aop-5.2.9.RELEASE.jar;C:\apache-maven-3.8.1\repository\org\springframework\spring-expression\5.2.9.RELEASE\spring-expression-5.2.9.RELEASE.jar;C:\apache-maven-3.8.1\repository\org\springframework\boot\spring-boot-starter-web-services\2.3.4.RELEASE\spring-boot-starter-web-services-2.3.4.RELEASE.jar;C:\apache-maven-3.8.1\repository\com\sun\xml\messaging\saaj\saaj-impl\1.5.2\saaj-impl-1.5.2.jar;C:\apache-maven-3.8.1\repository\jakarta\xml\soap\jakarta.xml.soap-api\1.4.2\jakarta.xml.soap-api-1.4.2.jar;C:\apache-maven-3.8.1\repository\org\jvnet\staxex\stax-ex\1.8.3\stax-ex-1.8.3.jar;C:\apache-maven-3.8.1\repository\com\sun\activation\jakarta.activation\1.2.2\jakarta.activation-1.2.2.jar;C:\apache-maven-3.8.1\repository\jakarta\xml\ws\jakarta.xml.ws-api\2.3.3\jakarta.xml.ws-api-2.3.3.jar;C:\apache-maven-3.8.1\repository\jakarta\jws\jakarta.jws-api\2.1.0\jakarta.jws-api-2.1.0.jar;C:\apache-maven-3.8.1\repository\org\springframework\spring-oxm\5.2.9.RELEASE\spring-oxm-5.2.9.RELEASE.jar;C:\apache-maven-3.8.1\repository\org\springframework\ws\spring-ws-core\3.0.10.RELEASE\spring-ws-core-3.0.10.RELEASE.jar;C:\apache-maven-3.8.1\repository\org\springframework\ws\spring-xml\3.0.10.RELEASE\spring-xml-3.0.10.RELEASE.jar;C:\apache-maven-3.8.1\repository\org\springframework\boot\spring-boot-devtools\2.3.4.RELEASE\spring-boot-devtools-2.3.4.RELEASE.jar;C:\apache-maven-3.8.1\repository\org\springframework\boot\spring-boot\2.3.4.RELEASE\spring-boot-2.3.4.RELEASE.jar;C:\apache-maven-3.8.1\repository\org\springframework\boot\spring-boot-autoconfigure\2.3.4.RELEASE\spring-boot-autoconfigure-2.3.4.RELEASE.jar;C:\apache-maven-3.8.1\repository\org\projectlombok\lombok\1.18.12\lombok-1.18.12.jar;C:\apache-maven-3.8.1\repository\org\springframework\boot\spring-boot-starter-test\2.3.4.RELEASE\spring-boot-starter-test-2.3.4.RELEASE.jar;C:\apache-maven-3.8.1\repository\org\springframework\boot\spring-boot-test\2.3.4.RELEASE\spring-boot-test-2.3.4.RELEASE.jar;C:\apache-maven-3.8.1\repository\org\springframework\boot\spring-boot-test-autoconfigure\2.3.4.RELEASE\spring-boot-test-autoconfigure-2.3.4.RELEASE.jar;C:\apache-maven-3.8.1\repository\com\jayway\jsonpath\json-path\2.4.0\json-path-2.4.0.jar;C:\apache-maven-3.8.1\repository\net\minidev\json-smart\2.3\json-smart-2.3.jar;C:\apache-maven-3.8.1\repository\net\minidev\accessors-smart\1.2\accessors-smart-1.2.jar;C:\apache-maven-3.8.1\repository\org\ow2\asm\asm\5.0.4\asm-5.0.4.jar;C:\apache-maven-3.8.1\repository\jakarta\xml\bind\jakarta.xml.bind-api\2.3.3\jakarta.xml.bind-api-2.3.3.jar;C:\apache-maven-3.8.1\repository\jakarta\activation\jakarta.activation-api\1.2.2\jakarta.activation-api-1.2.2.jar;C:\apache-maven-3.8.1\repository\org\assertj\assertj-core\3.16.1\assertj-core-3.16.1.jar;C:\apache-maven-3.8.1\repository\org\hamcrest\hamcrest\2.2\hamcrest-2.2.jar;C:\apache-maven-3.8.1\repository\org\junit\jupiter\junit-jupiter\5.6.2\junit-jupiter-5.6.2.jar;C:\apache-maven-3.8.1\repository\org\junit\jupiter\junit-jupiter-api\5.6.2\junit-jupiter-api-5.6.2.jar;C:\apache-maven-3.8.1\repository\org\opentest4j\opentest4j\1.2.0\opentest4j-1.2.0.jar;C:\apache-maven-3.8.1\repository\org\junit\platform\junit-platform-commons\1.6.2\junit-platform-commons-1.6.2.jar;C:\apache-maven-3.8.1\repository\org\junit\jupiter\junit-jupiter-params\5.6.2\junit-jupiter-params-5.6.2.jar;C:\apache-maven-3.8.1\repository\org\junit\jupiter\junit-jupiter-engine\5.6.2\junit-jupiter-engine-5.6.2.jar;C:\apache-maven-3.8.1\repository\org\junit\vintage\junit-vintage-engine\5.6.2\junit-vintage-engine-5.6.2.jar;C:\apache-maven-3.8.1\repository\org\apiguardian\apiguardian-api\1.1.0\apiguardian-api-1.1.0.jar;C:\apache-maven-3.8.1\repository\org\junit\platform\junit-platform-engine\1.6.2\junit-platform-engine-1.6.2.jar;C:\apache-maven-3.8.1\repository\junit\junit\4.13\junit-4.13.jar;C:\apache-maven-3.8.1\repository\org\mockito\mockito-core\3.3.3\mockito-core-3.3.3.jar;C:\apache-maven-3.8.1\repository\net\bytebuddy\byte-buddy\1.10.14\byte-buddy-1.10.14.jar;C:\apache-maven-3.8.1\repository\net\bytebuddy\byte-buddy-agent\1.10.14\byte-buddy-agent-1.10.14.jar;C:\apache-maven-3.8.1\repository\org\objenesis\objenesis\2.6\objenesis-2.6.jar;C:\apache-maven-3.8.1\repository\org\mockito\mockito-junit-jupiter\3.3.3\mockito-junit-jupiter-3.3.3.jar;C:\apache-maven-3.8.1\repository\org\skyscreamer\jsonassert\1.5.0\jsonassert-1.5.0.jar;C:\apache-maven-3.8.1\repository\com\vaadin\external\google\android-json\0.0.20131108.vaadin1\android-json-0.0.20131108.vaadin1.jar;C:\apache-maven-3.8.1\repository\org\springframework\spring-core\5.2.9.RELEASE\spring-core-5.2.9.RELEASE.jar;C:\apache-maven-3.8.1\repository\org\springframework\spring-jcl\5.2.9.RELEASE\spring-jcl-5.2.9.RELEASE.jar;C:\apache-maven-3.8.1\repository\org\springframework\spring-test\5.2.9.RELEASE\spring-test-5.2.9.RELEASE.jar;C:\apache-maven-3.8.1\repository\org\xmlunit\xmlunit-core\2.7.0\xmlunit-core-2.7.0.jar;C:\apache-maven-3.8.1\repository\org\springframework\amqp\spring-rabbit-test\2.2.11.RELEASE\spring-rabbit-test-2.2.11.RELEASE.jar;C:\apache-maven-3.8.1\repository\org\hamcrest\hamcrest-core\2.2\hamcrest-core-2.2.jar;C:\apache-maven-3.8.1\repository\org\hamcrest\hamcrest-library\2.2\hamcrest-library-2.2.jar;C:\apache-maven-3.8.1\repository\org\springframework\amqp\spring-rabbit-junit\2.2.11.RELEASE\spring-rabbit-junit-2.2.11.RELEASE.jar;C:\apache-maven-3.8.1\repository\com\rabbitmq\http-client\3.2.0.RELEASE\http-client-3.2.0.RELEASE.jar;C:\apache-maven-3.8.1\repository\org\json\json\20180813\json-20180813.jar;C:\apache-maven-3.8.1\repository\com\fasterxml\jackson\dataformat\jackson-dataformat-xml\2.11.2\jackson-dataformat-xml-2.11.2.jar;C:\apache-maven-3.8.1\repository\com\fasterxml\jackson\core\jackson-core\2.11.2\jackson-core-2.11.2.jar;C:\apache-maven-3.8.1\repository\com\fasterxml\jackson\core\jackson-annotations\2.11.2\jackson-annotations-2.11.2.jar;C:\apache-maven-3.8.1\repository\com\fasterxml\jackson\core\jackson-databind\2.11.2\jackson-databind-2.11.2.jar;C:\apache-maven-3.8.1\repository\com\fasterxml\jackson\module\jackson-module-jaxb-annotations\2.11.2\jackson-module-jaxb-annotations-2.11.2.jar;C:\apache-maven-3.8.1\repository\org\codehaus\woodstox\stax2-api\4.2.1\stax2-api-4.2.1.jar;C:\apache-maven-3.8.1\repository\com\fasterxml\woodstox\woodstox-core\6.2.1\woodstox-core-6.2.1.jar;"/>
    <property name="sun.cpu.endian" value="little"/>
    <property name="user.home" value="C:\Users\ID-COTTON"/>
    <property name="user.language" value="pt"/>
    <property name="java.specification.vendor" value="Oracle Corporation"/>
    <property name="java.home" value="C:\Program Files\Java\jdk1.8.0_202\jre"/>
    <property name="basedir" value="C:\javadev\consumerRabbitmq-main\integrator"/>
    <property name="file.separator" value="\"/>
    <property name="line.separator" value="&#10;"/>
    <property name="java.vm.specification.vendor" value="Oracle Corporation"/>
    <property name="java.specification.name" value="Java Platform API Specification"/>
    <property name="java.awt.graphicsenv" value="sun.awt.Win32GraphicsEnvironment"/>
    <property name="surefire.real.class.path" value="C:\Users\ID-COT~1\AppData\Local\Temp\surefire9003295628254880425\surefirebooter3222054933074231311.jar"/>
    <property name="sun.boot.class.path" value="C:\Program Files\Java\jdk1.8.0_202\jre\lib\resources.jar;C:\Program Files\Java\jdk1.8.0_202\jre\lib\rt.jar;C:\Program Files\Java\jdk1.8.0_202\jre\lib\sunrsasign.jar;C:\Program Files\Java\jdk1.8.0_202\jre\lib\jsse.jar;C:\Program Files\Java\jdk1.8.0_202\jre\lib\jce.jar;C:\Program Files\Java\jdk1.8.0_202\jre\lib\charsets.jar;C:\Program Files\Java\jdk1.8.0_202\jre\lib\jfr.jar;C:\Program Files\Java\jdk1.8.0_202\jre\classes"/>
    <property name="user.script" value=""/>
    <property name="sun.management.compiler" value="HotSpot 64-Bit Tiered Compilers"/>
    <property name="java.runtime.version" value="1.8.0_202-b08"/>
    <property name="user.name" value="ID-COTTON"/>
    <property name="path.separator" value=";"/>
    <property name="os.version" value="10.0"/>
    <property name="java.endorsed.dirs" value="C:\Program Files\Java\jdk1.8.0_202\jre\lib\endorsed"/>
    <property name="java.runtime.name" value="Java(TM) SE Runtime Environment"/>
    <property name="file.encoding" value="Cp1252"/>
    <property name="java.vm.name" value="Java HotSpot(TM) 64-Bit Server VM"/>
    <property name="localRepository" value="C:\apache-maven-3.8.1\repository"/>
    <property name="java.vendor.url.bug" value="http://bugreport.sun.com/bugreport/"/>
    <property name="java.io.tmpdir" value="C:\Users\ID-COT~1\AppData\Local\Temp\"/>
    <property name="java.version" value="1.8.0_202"/>
    <property name="user.dir" value="C:\javadev\consumerRabbitmq-main\integrator"/>
    <property name="os.arch" value="amd64"/>
    <property name="java.vm.specification.name" value="Java Virtual Machine Specification"/>
    <property name="java.awt.printerjob" value="sun.awt.windows.WPrinterJob"/>
    <property name="sun.os.patch.level" value=""/>
    <property name="java.library.path" value="C:\Program Files\Java\jdk1.8.0_202\jre\bin;C:\Windows\Sun\Java\bin;C:\Windows\system32;C:\Windows;C:/Users/ID-COTTON/.p2/pool/plugins/org.eclipse.justj.openjdk.hotspot.jre.full.win32.x86_64_17.0.2.v20220201-1208/jre/bin/server;C:/Users/ID-COTTON/.p2/pool/plugins/org.eclipse.justj.openjdk.hotspot.jre.full.win32.x86_64_17.0.2.v20220201-1208/jre/bin;C:\Program Files (x86)\Common Files\Oracle\Java\javapath;C:\Program Files\Common Files\Oracle\Java\javapath;C:\Python27\;C:\Python27\Scripts;C:\Windows\system32;C:\Windows;C:\Windows\System32\Wbem;C:\Windows\System32\WindowsPowerShell\v1.0\;C:\Windows\System32\OpenSSH\;C:\Program Files\PuTTY\;C:\Program Files\Git\cmd;C:\ProgramData\chocolatey\bin;C:\\Users\ID-COTTON\AppData\Roaming\npm;C:\\Users\ID-COTTON\AppData\Roaming\npm\node_modules\@angular\cli\bin;C:\Program Files\nodejs\;C:\Users\ID-COTTON\AppData\Local\Microsoft\WindowsApps;C:\Users\ID-COTTON\AppData\Local\Programs\Microsoft VS Code\bin;C:\\Users\ID-COTTON\AppData\Roaming\npm\node_modules\@angular\cli\bin;C:\Users\ID-COTTON\AppData\Roaming\npm;C:\Windows\System32;;."/>
    <property name="java.vm.info" value="mixed mode"/>
    <property name="java.vendor" value="Oracle Corporation"/>
    <property name="java.vm.version" value="25.202-b08"/>
    <property name="java.ext.dirs" value="C:\Program Files\Java\jdk1.8.0_202\jre\lib\ext;C:\Windows\Sun\Java\lib\ext"/>
    <property name="sun.io.unicode.encoding" value="UnicodeLittle"/>
    <property name="java.class.version" value="52.0"/>
  </properties>
  <testcase name="com.si.integrator.IntegratorApplicationTests" classname="com.si.integrator.IntegratorApplicationTests" time="0.473">
    <error message="Unable to find a @SpringBootConfiguration, you need to use @ContextConfiguration or @SpringBootTest(classes=...) with your test" type="java.lang.IllegalStateException">java.lang.IllegalStateException: Unable to find a @SpringBootConfiguration, you need to use @ContextConfiguration or @SpringBootTest(classes=...) with your test
</error>
    <system-out><![CDATA[10:21:38.026 [main] DEBUG org.springframework.test.context.BootstrapUtils - Instantiating CacheAwareContextLoaderDelegate from class [org.springframework.test.context.cache.DefaultCacheAwareContextLoaderDelegate]
10:21:38.042 [main] DEBUG org.springframework.test.context.BootstrapUtils - Instantiating BootstrapContext using constructor [public org.springframework.test.context.support.DefaultBootstrapContext(java.lang.Class,org.springframework.test.context.CacheAwareContextLoaderDelegate)]
10:21:38.089 [main] DEBUG org.springframework.test.context.BootstrapUtils - Instantiating TestContextBootstrapper for test class [com.si.integrator.IntegratorApplicationTests] from class [org.springframework.boot.test.context.SpringBootTestContextBootstrapper]
10:21:38.111 [main] INFO org.springframework.boot.test.context.SpringBootTestContextBootstrapper - Neither @ContextConfiguration nor @ContextHierarchy found for test class [com.si.integrator.IntegratorApplicationTests], using SpringBootContextLoader
10:21:38.119 [main] DEBUG org.springframework.test.context.support.AbstractContextLoader - Did not detect default resource location for test class [com.si.integrator.IntegratorApplicationTests]: class path resource [com/si/integrator/IntegratorApplicationTests-context.xml] does not exist
10:21:38.119 [main] DEBUG org.springframework.test.context.support.AbstractContextLoader - Did not detect default resource location for test class [com.si.integrator.IntegratorApplicationTests]: class path resource [com/si/integrator/IntegratorApplicationTestsContext.groovy] does not exist
10:21:38.119 [main] INFO org.springframework.test.context.support.AbstractContextLoader - Could not detect default resource locations for test class [com.si.integrator.IntegratorApplicationTests]: no resource found for suffixes {-context.xml, Context.groovy}.
10:21:38.120 [main] INFO org.springframework.test.context.support.AnnotationConfigContextLoaderUtils - Could not detect default configuration classes for test class [com.si.integrator.IntegratorApplicationTests]: IntegratorApplicationTests does not declare any static, non-private, non-final, nested classes annotated with @Configuration.
10:21:38.189 [main] DEBUG org.springframework.test.context.support.ActiveProfilesUtils - Could not find an 'annotation declaring class' for annotation type [org.springframework.test.context.ActiveProfiles] and class [com.si.integrator.IntegratorApplicationTests]
10:21:38.302 [main] DEBUG org.springframework.test.context.BootstrapUtils - Instantiating CacheAwareContextLoaderDelegate from class [org.springframework.test.context.cache.DefaultCacheAwareContextLoaderDelegate]
10:21:38.303 [main] DEBUG org.springframework.test.context.BootstrapUtils - Instantiating BootstrapContext using constructor [public org.springframework.test.context.support.DefaultBootstrapContext(java.lang.Class,org.springframework.test.context.CacheAwareContextLoaderDelegate)]
10:21:38.304 [main] DEBUG org.springframework.test.context.BootstrapUtils - Instantiating TestContextBootstrapper for test class [com.si.integrator.IntegratorApplicationTests] from class [org.springframework.boot.test.context.SpringBootTestContextBootstrapper]
10:21:38.306 [main] INFO org.springframework.boot.test.context.SpringBootTestContextBootstrapper - Neither @ContextConfiguration nor @ContextHierarchy found for test class [com.si.integrator.IntegratorApplicationTests], using SpringBootContextLoader
10:21:38.307 [main] DEBUG org.springframework.test.context.support.AbstractContextLoader - Did not detect default resource location for test class [com.si.integrator.IntegratorApplicationTests]: class path resource [com/si/integrator/IntegratorApplicationTests-context.xml] does not exist
10:21:38.307 [main] DEBUG org.springframework.test.context.support.AbstractContextLoader - Did not detect default resource location for test class [com.si.integrator.IntegratorApplicationTests]: class path resource [com/si/integrator/IntegratorApplicationTestsContext.groovy] does not exist
10:21:38.307 [main] INFO org.springframework.test.context.support.AbstractContextLoader - Could not detect default resource locations for test class [com.si.integrator.IntegratorApplicationTests]: no resource found for suffixes {-context.xml, Context.groovy}.
10:21:38.308 [main] INFO org.springframework.test.context.support.AnnotationConfigContextLoaderUtils - Could not detect default configuration classes for test class [com.si.integrator.IntegratorApplicationTests]: IntegratorApplicationTests does not declare any static, non-private, non-final, nested classes annotated with @Configuration.
10:21:38.311 [main] DEBUG org.springframework.test.context.support.ActiveProfilesUtils - Could not find an 'annotation declaring class' for annotation type [org.springframework.test.context.ActiveProfiles] and class [com.si.integrator.IntegratorApplicationTests]
10:21:38.361 [main] DEBUG org.springframework.test.context.BootstrapUtils - Instantiating CacheAwareContextLoaderDelegate from class [org.springframework.test.context.cache.DefaultCacheAwareContextLoaderDelegate]
10:21:38.361 [main] DEBUG org.springframework.test.context.BootstrapUtils - Instantiating BootstrapContext using constructor [public org.springframework.test.context.support.DefaultBootstrapContext(java.lang.Class,org.springframework.test.context.CacheAwareContextLoaderDelegate)]
10:21:38.362 [main] DEBUG org.springframework.test.context.BootstrapUtils - Instantiating TestContextBootstrapper for test class [com.si.integrator.IntegratorApplicationTests] from class [org.springframework.boot.test.context.SpringBootTestContextBootstrapper]
10:21:38.364 [main] INFO org.springframework.boot.test.context.SpringBootTestContextBootstrapper - Neither @ContextConfiguration nor @ContextHierarchy found for test class [com.si.integrator.IntegratorApplicationTests], using SpringBootContextLoader
10:21:38.365 [main] DEBUG org.springframework.test.context.support.AbstractContextLoader - Did not detect default resource location for test class [com.si.integrator.IntegratorApplicationTests]: class path resource [com/si/integrator/IntegratorApplicationTests-context.xml] does not exist
10:21:38.367 [main] DEBUG org.springframework.test.context.support.AbstractContextLoader - Did not detect default resource location for test class [com.si.integrator.IntegratorApplicationTests]: class path resource [com/si/integrator/IntegratorApplicationTestsContext.groovy] does not exist
10:21:38.368 [main] INFO org.springframework.test.context.support.AbstractContextLoader - Could not detect default resource locations for test class [com.si.integrator.IntegratorApplicationTests]: no resource found for suffixes {-context.xml, Context.groovy}.
10:21:38.369 [main] INFO org.springframework.test.context.support.AnnotationConfigContextLoaderUtils - Could not detect default configuration classes for test class [com.si.integrator.IntegratorApplicationTests]: IntegratorApplicationTests does not declare any static, non-private, non-final, nested classes annotated with @Configuration.
10:21:38.373 [main] DEBUG org.springframework.test.context.support.ActiveProfilesUtils - Could not find an 'annotation declaring class' for annotation type [org.springframework.test.context.ActiveProfiles] and class [com.si.integrator.IntegratorApplicationTests]
]]></system-out>
  </testcase>
</testsuite>